<?xml version="1.0" encoding="UTF-8"?>
<!-- Generated by org.testng.reporters.JUnitReportReporter -->
<testsuite skipped="0" hostname="heraklion" name="com.orange.FirstTest" tests="4" failures="0" timestamp="13 черв. 2017 11:59:05 GMT" time="53.806" errors="0">
  <testcase name="testNumberOne" time="6.095" classname="com.orange.FirstTest"/>
  <testcase name="testNumberTwo" time="10.906" classname="com.orange.FirstTest"/>
  <testcase name="testNumberThree" time="10.996" classname="com.orange.FirstTest"/>
  <testcase name="testNumberFour" time="25.809" classname="com.orange.FirstTest"/>
</testsuite> <!-- com.orange.FirstTest -->
